1453 [main] INFO  o.s.c.a.AnnotationConfigApplicationContext - Refreshing org.springframework.context.annotation.AnnotationConfigApplicationContext@7c83dc97: startup date [Fri Nov 10 22:23:09 CET 2017]; root of context hierarchy
1807 [main] INFO  o.s.b.f.a.AutowiredAnnotationBeanPostProcessor - JSR-330 'javax.inject.Inject' annotation found and supported for autowiring
1857 [main] INFO  o.s.c.s.PostProcessorRegistrationDelegate$BeanPostProcessorChecker - Bean 'configurationPropertiesRebinderAutoConfiguration' of type [org.springframework.cloud.autoconfigure.ConfigurationPropertiesRebinderAutoConfiguration$$EnhancerBySpringCGLIB$$fba4ecea] is not eligible for getting processed by all BeanPostProcessors (for example: not eligible for auto-proxying)
2192 [main] INFO  c.d.DevopsbuddyApplication - The following profiles are active: dev
2205 [main] INFO  o.s.b.c.e.AnnotationConfigEmbeddedWebApplicationContext - Refreshing org.springframework.boot.context.embedded.AnnotationConfigEmbeddedWebApplicationContext@464649c: startup date [Fri Nov 10 22:23:09 CET 2017]; parent: org.springframework.context.annotation.AnnotationConfigApplicationContext@7c83dc97
2907 [main] INFO  o.s.d.r.c.RepositoryConfigurationDelegate - Multiple Spring Data modules found, entering strict repository configuration mode!
3199 [main] INFO  o.s.d.r.c.RepositoryConfigurationDelegate - Multiple Spring Data modules found, entering strict repository configuration mode!
3240 [main] INFO  o.s.d.r.c.RepositoryConfigurationExtensionSupport - Spring Data Redis - Could not safely identify store assignment for repository candidate interface com.project.backend.persistence.repositories.UserRepository.
3241 [main] INFO  o.s.d.r.c.RepositoryConfigurationExtensionSupport - Spring Data Redis - Could not safely identify store assignment for repository candidate interface com.project.backend.persistence.repositories.CreditsRepository.
3242 [main] INFO  o.s.d.r.c.RepositoryConfigurationExtensionSupport - Spring Data Redis - Could not safely identify store assignment for repository candidate interface com.project.backend.persistence.repositories.SubscriptionsRepository.
3242 [main] INFO  o.s.d.r.c.RepositoryConfigurationExtensionSupport - Spring Data Redis - Could not safely identify store assignment for repository candidate interface com.project.backend.persistence.repositories.PasswordResetTokenRepository.
3242 [main] INFO  o.s.d.r.c.RepositoryConfigurationExtensionSupport - Spring Data Redis - Could not safely identify store assignment for repository candidate interface com.project.backend.persistence.repositories.PaymentRepository.
3243 [main] INFO  o.s.d.r.c.RepositoryConfigurationExtensionSupport - Spring Data Redis - Could not safely identify store assignment for repository candidate interface com.project.backend.persistence.repositories.PlanRepository.
3243 [main] INFO  o.s.d.r.c.RepositoryConfigurationExtensionSupport - Spring Data Redis - Could not safely identify store assignment for repository candidate interface com.project.backend.persistence.repositories.CompanyRepository.
3243 [main] INFO  o.s.d.r.c.RepositoryConfigurationExtensionSupport - Spring Data Redis - Could not safely identify store assignment for repository candidate interface com.project.backend.persistence.repositories.RoleRepository.
3652 [main] INFO  o.s.c.context.scope.GenericScope - BeanFactory id=862065af-6830-3d6c-a97e-4f380fb0e570
3688 [main] INFO  o.s.b.f.a.AutowiredAnnotationBeanPostProcessor - JSR-330 'javax.inject.Inject' annotation found and supported for autowiring
3876 [main] INFO  o.s.c.s.PostProcessorRegistrationDelegate$BeanPostProcessorChecker - Bean 'org.springframework.transaction.annotation.ProxyTransactionManagementConfiguration' of type [org.springframework.transaction.annotation.ProxyTransactionManagementConfiguration$$EnhancerBySpringCGLIB$$df8ae9ed] is not eligible for getting processed by all BeanPostProcessors (for example: not eligible for auto-proxying)
3993 [main] INFO  o.s.c.s.PostProcessorRegistrationDelegate$BeanPostProcessorChecker - Bean 'org.springframework.cloud.netflix.metrics.MetricsInterceptorConfiguration$MetricsRestTemplateConfiguration' of type [org.springframework.cloud.netflix.metrics.MetricsInterceptorConfiguration$MetricsRestTemplateConfiguration$$EnhancerBySpringCGLIB$$11b7902e] is not eligible for getting processed by all BeanPostProcessors (for example: not eligible for auto-proxying)
4005 [main] INFO  o.s.c.s.PostProcessorRegistrationDelegate$BeanPostProcessorChecker - Bean 'org.springframework.cloud.autoconfigure.ConfigurationPropertiesRebinderAutoConfiguration' of type [org.springframework.cloud.autoconfigure.ConfigurationPropertiesRebinderAutoConfiguration$$EnhancerBySpringCGLIB$$fba4ecea] is not eligible for getting processed by all BeanPostProcessors (for example: not eligible for auto-proxying)
4435 [main] INFO  o.s.b.c.e.t.TomcatEmbeddedServletContainer - Tomcat initialized with port(s): 8443 (https)
4566 [localhost-startStop-1] INFO  o.s.web.context.ContextLoader - Root WebApplicationContext: initialization completed in 2361 ms
4888 [localhost-startStop-1] INFO  o.s.b.w.s.FilterRegistrationBean - Mapping filter: 'metricsFilter' to: [/*]
4889 [localhost-startStop-1] INFO  o.s.b.w.s.FilterRegistrationBean - Mapping filter: 'characterEncodingFilter' to: [/*]
4889 [localhost-startStop-1] INFO  o.s.b.w.s.FilterRegistrationBean - Mapping filter: 'hiddenHttpMethodFilter' to: [/*]
4889 [localhost-startStop-1] INFO  o.s.b.w.s.FilterRegistrationBean - Mapping filter: 'httpPutFormContentFilter' to: [/*]
4889 [localhost-startStop-1] INFO  o.s.b.w.s.FilterRegistrationBean - Mapping filter: 'requestContextFilter' to: [/*]
4890 [localhost-startStop-1] INFO  o.s.b.w.s.DelegatingFilterProxyRegistrationBean - Mapping filter: 'springSecurityFilterChain' to: [/*]
4890 [localhost-startStop-1] INFO  o.s.b.w.s.FilterRegistrationBean - Mapping filter: 'webRequestLoggingFilter' to: [/*]
4890 [localhost-startStop-1] INFO  o.s.b.w.s.FilterRegistrationBean - Mapping filter: 'applicationContextIdFilter' to: [/*]
4891 [localhost-startStop-1] INFO  o.s.b.w.s.ServletRegistrationBean - Mapping servlet: 'dispatcherServlet' to [/]
5522 [main] INFO  o.s.o.j.LocalContainerEntityManagerFactoryBean - Building JPA container EntityManagerFactory for persistence unit 'default'
5535 [main] INFO  o.h.jpa.internal.util.LogHelper - HHH000204: Processing PersistenceUnitInfo [
	name: default
	...]
5633 [main] INFO  org.hibernate.Version - HHH000412: Hibernate Core {5.0.12.Final}
5635 [main] INFO  org.hibernate.cfg.Environment - HHH000206: hibernate.properties not found
5636 [main] INFO  org.hibernate.cfg.Environment - HHH000021: Bytecode provider name : javassist
5684 [main] INFO  o.h.annotations.common.Version - HCANN000001: Hibernate Commons Annotations {5.0.1.Final}
5841 [main] INFO  org.hibernate.dialect.Dialect - HHH000400: Using dialect: org.hibernate.dialect.MySQL5Dialect
6410 [main] INFO  o.s.o.j.LocalContainerEntityManagerFactoryBean - Initialized JPA EntityManagerFactory for persistence unit 'default'
6706 [main] INFO  o.h.h.i.QueryTranslatorFactoryInitiator - HHH000397: Using ASTQueryTranslatorFactory
9176 [main] INFO  o.s.s.w.DefaultSecurityFilterChain - Creating filter chain: org.springframework.security.web.util.matcher.AnyRequestMatcher@1, [org.springframework.security.web.context.request.async.WebAsyncManagerIntegrationFilter@2d758472, org.springframework.security.web.context.SecurityContextPersistenceFilter@67d8613, org.springframework.security.web.header.HeaderWriterFilter@44e3f3e5, org.springframework.security.web.authentication.logout.LogoutFilter@6fdd3382, org.springframework.security.web.authentication.UsernamePasswordAuthenticationFilter@4fcedf83, org.springframework.security.web.session.ConcurrentSessionFilter@9f52eb7, org.springframework.security.web.savedrequest.RequestCacheAwareFilter@261f5a45, org.springframework.security.web.servletapi.SecurityContextHolderAwareRequestFilter@1bb0fa38, org.springframework.security.web.authentication.AnonymousAuthenticationFilter@7615666e, org.springframework.security.web.session.SessionManagementFilter@69ed96e1, org.springframework.security.web.access.ExceptionTranslationFilter@6839d03b, org.springframework.security.web.access.intercept.FilterSecurityInterceptor@7b33deed]
9264 [main] INFO  o.s.w.s.m.m.a.RequestMappingHandlerMapping - Mapped "{[/contact],methods=[GET]}" onto public java.lang.String com.project.web.controllers.ContactController.contactGet(org.springframework.ui.ModelMap)
9265 [main] INFO  o.s.w.s.m.m.a.RequestMappingHandlerMapping - Mapped "{[/contact],methods=[POST]}" onto public java.lang.String com.project.web.controllers.ContactController.contactPost(com.project.web.domain.frontend.FeedbackPojo,java.util.Locale)
9265 [main] INFO  o.s.w.s.m.m.a.RequestMappingHandlerMapping - Mapped "{[/forgotmypassword],methods=[GET]}" onto public java.lang.String com.project.web.controllers.ForgotMyPasswordController.forgotPasswordGet()
9265 [main] INFO  o.s.w.s.m.m.a.RequestMappingHandlerMapping - Mapped "{[/forgotmypassword],methods=[POST]}" onto public java.lang.String com.project.web.controllers.ForgotMyPasswordController.forgotPasswordPost(javax.servlet.http.HttpServletRequest,java.lang.String,org.springframework.ui.ModelMap)
9266 [main] INFO  o.s.w.s.m.m.a.RequestMappingHandlerMapping - Mapped "{[/changeuserpassword],methods=[GET]}" onto public java.lang.String com.project.web.controllers.ForgotMyPasswordController.changeUserPasswordGet(java.lang.String,java.lang.String,java.util.Locale,org.springframework.ui.ModelMap)
9266 [main] INFO  o.s.w.s.m.m.a.RequestMappingHandlerMapping - Mapped "{[/changeuserpassword],methods=[POST]}" onto public java.lang.String com.project.web.controllers.ForgotMyPasswordController.changeUserPasswordPost(long,java.lang.String,java.util.Locale,org.springframework.ui.ModelMap)
9266 [main] INFO  o.s.w.s.m.m.a.RequestMappingHandlerMapping - Mapped "{[/]}" onto public java.lang.String com.project.web.controllers.IndexController.home()
9266 [main] INFO  o.s.w.s.m.m.a.RequestMappingHandlerMapping - Mapped "{[/index]}" onto public java.lang.String com.project.web.controllers.IndexController.getInternationalPage()
9267 [main] INFO  o.s.w.s.m.m.a.RequestMappingHandlerMapping - Mapped "{[/testcookie],methods=[GET]}" onto public void com.project.web.controllers.IndexController.testCookie(javax.servlet.http.HttpServletRequest,javax.servlet.http.HttpServletResponse)
9267 [main] INFO  o.s.w.s.m.m.a.RequestMappingHandlerMapping - Mapped "{[/login]}" onto public java.lang.String com.project.web.controllers.LoginController.loginPage(java.lang.Integer,org.springframework.ui.Model,javax.servlet.http.HttpServletRequest)
9267 [main] INFO  o.s.w.s.m.m.a.RequestMappingHandlerMapping - Mapped "{[/managecb]}" onto public java.lang.String com.project.web.controllers.ManageCBController.manageCb(javax.servlet.http.HttpSession,org.springframework.mobile.device.Device,org.springframework.ui.Model,java.util.Locale,java.lang.String)
9268 [main] INFO  o.s.w.s.m.m.a.RequestMappingHandlerMapping - Mapped "{[/managecb],methods=[POST]}" onto public java.lang.String com.project.web.controllers.ManageCBController.POST_manageCb(javax.servlet.http.HttpSession,org.springframework.mobile.device.Device,org.springframework.ui.Model,java.util.Locale,java.lang.String,java.lang.String,java.lang.String,java.lang.String)
9268 [main] INFO  o.s.w.s.m.m.a.RequestMappingHandlerMapping - Mapped "{[/deleteCreditCard],methods=[POST]}" onto private java.lang.String com.project.web.controllers.ManageCBController.deleteCBPost(javax.servlet.http.HttpSession,org.springframework.mobile.device.Device,org.springframework.ui.Model,java.util.Locale,java.lang.String)
9268 [main] INFO  o.s.w.s.m.m.a.RequestMappingHandlerMapping - Mapped "{[/managesubscription]}" onto public java.lang.String com.project.web.controllers.ManageSubscriptionController.managesubscription()
9268 [main] INFO  o.s.w.s.m.m.a.RequestMappingHandlerMapping - Mapped "{[/payload]}" onto public java.lang.String com.project.web.controllers.PayloadController.payload()
9271 [main] INFO  o.s.w.s.m.m.a.RequestMappingHandlerMapping - Mapped "{[/profile1],methods=[POST]}" onto public java.lang.String com.project.web.controllers.ProfileController.postChangeProfil(javax.servlet.http.HttpSession,javax.servlet.http.HttpServletRequest,java.lang.String,java.lang.String,java.lang.String,java.lang.String,java.lang.String,java.lang.String,java.lang.String,java.lang.String,java.lang.String,java.lang.String,org.springframework.ui.ModelMap,org.springframework.mobile.device.Device,java.util.Locale)
9271 [main] INFO  o.s.w.s.m.m.a.RequestMappingHandlerMapping - Mapped "{[/profile1],methods=[GET]}" onto public java.lang.String com.project.web.controllers.ProfileController.getPage1(javax.servlet.http.HttpSession)
9271 [main] INFO  o.s.w.s.m.m.a.RequestMappingHandlerMapping - Mapped "{[/profile3],methods=[POST]}" onto public java.lang.String com.project.web.controllers.ProfileController.postChangeBusiness(javax.servlet.http.HttpSession,javax.servlet.http.HttpServletRequest,org.springframework.ui.ModelMap,org.springframework.mobile.device.Device,java.lang.String,java.lang.String,java.lang.String,java.lang.String,java.lang.String,java.lang.String,java.lang.String,java.lang.String,java.lang.String,java.lang.String,java.lang.String,java.lang.String,java.util.Locale)
9272 [main] INFO  o.s.w.s.m.m.a.RequestMappingHandlerMapping - Mapped "{[/profile],methods=[GET]}" onto public java.lang.String com.project.web.controllers.ProfileController.userProfile(javax.servlet.http.HttpSession,org.springframework.mobile.device.Device,org.springframework.ui.Model,java.util.Locale,java.lang.String,java.lang.String,java.lang.String,java.lang.String,java.lang.String,java.lang.String,java.lang.String,java.lang.String,java.lang.String,java.lang.String,java.lang.String,java.lang.String,java.lang.String,java.lang.String,java.lang.String,java.lang.String,java.lang.String,java.lang.String,java.lang.String,java.lang.String,java.lang.String,java.lang.String)
9272 [main] INFO  o.s.w.s.m.m.a.RequestMappingHandlerMapping - Mapped "{[/profile3],methods=[GET]}" onto public java.lang.String com.project.web.controllers.ProfileController.getPage3()
9272 [main] INFO  o.s.w.s.m.m.a.RequestMappingHandlerMapping - Mapped "{[/yourbusiness],methods=[GET]}" onto public java.lang.String com.project.web.controllers.ProfileController.getyourbusiness()
9272 [main] INFO  o.s.w.s.m.m.a.RequestMappingHandlerMapping - Mapped "{[/profile2],methods=[GET]}" onto public java.lang.String com.project.web.controllers.ProfileController.getPage2()
9272 [main] INFO  o.s.w.s.m.m.a.RequestMappingHandlerMapping - Mapped "{[/profile2],methods=[POST]}" onto public java.lang.String com.project.web.controllers.ProfileController.postChangeAccount(javax.servlet.http.HttpSession,javax.servlet.http.HttpServletRequest,org.springframework.ui.ModelMap,org.springframework.mobile.device.Device,java.lang.String,java.lang.Boolean,java.lang.Boolean,java.lang.String,java.lang.String,java.lang.String,java.util.Locale)
9273 [main] INFO  o.s.w.s.m.m.a.RequestMappingHandlerMapping - Mapped "{[/registrationCaptchaValidation],methods=[POST]}" onto public java.lang.String com.project.web.controllers.RegistrationCaptchaController.captchaRegisterUserAccount(javax.servlet.http.HttpServletRequest)
9273 [main] INFO  o.s.w.s.m.m.a.RequestMappingHandlerMapping - Mapped "{[/registrationCaptcha]}" onto public java.lang.String com.project.web.controllers.RegistrationCaptchaController.displayCaptchaRegisterUserAccount()
9273 [main] INFO  o.s.w.s.m.m.a.RequestMappingHandlerMapping - Mapped "{[/signup],methods=[GET]}" onto public java.lang.String com.project.web.controllers.SignupController.signup(org.springframework.ui.ModelMap)
9273 [main] INFO  o.s.w.s.m.m.a.RequestMappingHandlerMapping - Mapped "{[/signup],methods=[POST]}" onto public java.lang.String com.project.web.controllers.SignupController.signUpPost(com.project.web.domain.frontend.ProAccountPayload,javax.servlet.http.HttpServletRequest,org.springframework.ui.ModelMap,java.util.Locale) throws java.io.IOException
9273 [main] INFO  o.s.w.s.m.m.a.RequestMappingHandlerMapping - Mapped "{[/subscriptionandcredit]}" onto public java.lang.String com.project.web.controllers.SubscriptionAndCreditController.subscriptionAndcredit(javax.servlet.http.HttpSession,org.springframework.mobile.device.Device,org.springframework.ui.Model,java.util.Locale,java.lang.String,java.lang.String,java.lang.String,java.lang.String,java.lang.String,java.lang.String,java.lang.String)
9274 [main] INFO  o.s.w.s.m.m.a.RequestMappingHandlerMapping - Mapped "{[/subscriptionandcredit],methods=[POST]}" onto public java.lang.String com.project.web.controllers.SubscriptionAndCreditController.POST_subscriptionAndcredit(javax.servlet.http.HttpSession,org.springframework.mobile.device.Device,org.springframework.ui.Model,java.util.Locale,java.lang.String,java.lang.String,java.lang.String,java.lang.String,java.lang.String)
9274 [main] INFO  o.s.w.s.m.m.a.RequestMappingHandlerMapping - Mapped "{[/home]}" onto public java.lang.String com.project.web.controllers.UserController.UserHome(javax.servlet.http.HttpSession,org.springframework.mobile.device.Device)
9274 [main] INFO  o.s.w.s.m.m.a.RequestMappingHandlerMapping - Mapped "{[/check2fa]}" onto public java.lang.String com.project.web.controllers.UserController.Check2fa(javax.servlet.http.HttpSession,org.springframework.mobile.device.Device)
9274 [main] INFO  o.s.w.s.m.m.a.RequestMappingHandlerMapping - Mapped "{[/logout],methods=[GET]}" onto public java.lang.String com.project.web.controllers.UserController.logoutPage(javax.servlet.http.HttpServletRequest,javax.servlet.http.HttpServletResponse)
9274 [main] INFO  o.s.w.s.m.m.a.RequestMappingHandlerMapping - Mapped "{[/validecheck2fa]}" onto public java.lang.String com.project.web.controllers.UserController.valideCheck2fa(javax.servlet.http.HttpSession,org.springframework.mobile.device.Device,org.springframework.ui.Model,java.util.Locale,java.lang.String)
9275 [main] INFO  o.s.w.s.m.m.a.RequestMappingHandlerMapping - Mapped "{[/yourhistory]}" onto public java.lang.String com.project.web.controllers.UserHistoryController.UserHome(javax.servlet.http.HttpSession,org.springframework.mobile.device.Device)
9276 [main] INFO  o.s.w.s.m.m.a.RequestMappingHandlerMapping - Mapped "{[/adduser],methods=[POST]}" onto public java.lang.String com.project.web.controllers.YourUsersController.addUser(javax.servlet.http.HttpSession,org.springframework.mobile.device.Device,org.springframework.ui.Model,java.util.Locale,java.lang.String,java.lang.String,java.lang.String)
9276 [main] INFO  o.s.w.s.m.m.a.RequestMappingHandlerMapping - Mapped "{[/adduser],methods=[GET]}" onto public java.lang.String com.project.web.controllers.YourUsersController.GET_addUser(javax.servlet.http.HttpSession,org.springframework.mobile.device.Device,org.springframework.ui.Model,java.util.Locale,java.lang.String)
9276 [main] INFO  o.s.w.s.m.m.a.RequestMappingHandlerMapping - Mapped "{[/deleteuser],methods=[POST]}" onto public java.lang.String com.project.web.controllers.YourUsersController.POST_deleteUser(javax.servlet.http.HttpSession,org.springframework.mobile.device.Device,org.springframework.ui.Model,java.util.Locale,java.lang.String)
9276 [main] INFO  o.s.w.s.m.m.a.RequestMappingHandlerMapping - Mapped "{[/deleteuser],methods=[GET]}" onto public java.lang.String com.project.web.controllers.YourUsersController.GET_deleteUser(javax.servlet.http.HttpSession,org.springframework.mobile.device.Device,org.springframework.ui.Model,java.util.Locale)
9276 [main] INFO  o.s.w.s.m.m.a.RequestMappingHandlerMapping - Mapped "{[/blockuser],methods=[GET]}" onto public java.lang.String com.project.web.controllers.YourUsersController.GET_blockUser(javax.servlet.http.HttpSession,org.springframework.mobile.device.Device,org.springframework.ui.Model,java.util.Locale)
9277 [main] INFO  o.s.w.s.m.m.a.RequestMappingHandlerMapping - Mapped "{[/blockuser],methods=[POST]}" onto public java.lang.String com.project.web.controllers.YourUsersController.POST_blockUser(javax.servlet.http.HttpSession,org.springframework.mobile.device.Device,org.springframework.ui.Model,java.util.Locale,java.lang.String)
9277 [main] INFO  o.s.w.s.m.m.a.RequestMappingHandlerMapping - Mapped "{[/unblockuser],methods=[POST]}" onto public java.lang.String com.project.web.controllers.YourUsersController.POST_UnBlockUser(javax.servlet.http.HttpSession,org.springframework.mobile.device.Device,org.springframework.ui.Model,java.util.Locale,java.lang.String)
9277 [main] INFO  o.s.w.s.m.m.a.RequestMappingHandlerMapping - Mapped "{[/changeUserToAdminGroup],methods=[POST]}" onto public java.lang.String com.project.web.controllers.YourUsersController.POST_changeUserToAdminGroup(javax.servlet.http.HttpSession,org.springframework.mobile.device.Device,org.springframework.ui.Model,java.util.Locale,java.lang.String)
9277 [main] INFO  o.s.w.s.m.m.a.RequestMappingHandlerMapping - Mapped "{[/unblockuser],methods=[GET]}" onto public java.lang.String com.project.web.controllers.YourUsersController.GET_UnBlockUser(javax.servlet.http.HttpSession,org.springframework.mobile.device.Device,org.springframework.ui.Model,java.util.Locale)
9277 [main] INFO  o.s.w.s.m.m.a.RequestMappingHandlerMapping - Mapped "{[/yourusers]}" onto public java.lang.String com.project.web.controllers.YourUsersController.yourUsers(javax.servlet.http.HttpSession,org.springframework.mobile.device.Device,org.springframework.ui.Model,java.util.Locale,java.lang.String,java.lang.String,java.lang.String,java.lang.String)
9279 [main] INFO  o.s.w.s.m.m.a.RequestMappingHandlerMapping - Mapped "{[/tools/menutoggle],methods=[GET]}" onto public void com.project.web.restControllers.RestTools.greeting(javax.servlet.http.HttpSession,java.lang.String)
9279 [main] INFO  o.s.w.s.m.m.a.RequestMappingHandlerMapping - Mapped "{[/tools/2fa],methods=[GET]}" onto public org.springframework.http.ResponseEntity<java.lang.String> com.project.web.restControllers.RestTools.get_2fa(javax.servlet.http.HttpSession,java.lang.String,javax.servlet.http.HttpServletRequest,javax.servlet.http.HttpServletResponse)
9279 [main] INFO  o.s.w.s.m.m.a.RequestMappingHandlerMapping - Mapped "{[/tools/getnewuser],methods=[GET]}" onto public org.springframework.http.ResponseEntity<java.lang.String> com.project.web.restControllers.RestTools.aboutNewUser(javax.servlet.http.HttpSession,javax.servlet.http.HttpServletRequest,javax.servlet.http.HttpServletResponse)
9282 [main] INFO  o.s.w.s.m.m.a.RequestMappingHandlerMapping - Mapped "{[/error],produces=[text/html]}" onto public org.springframework.web.servlet.ModelAndView org.springframework.boot.autoconfigure.web.BasicErrorController.errorHtml(javax.servlet.http.HttpServletRequest,javax.servlet.http.HttpServletResponse)
9282 [main] INFO  o.s.w.s.m.m.a.RequestMappingHandlerMapping - Mapped "{[/error]}" onto public org.springframework.http.ResponseEntity<java.util.Map<java.lang.String, java.lang.Object>> org.springframework.boot.autoconfigure.web.BasicErrorController.error(javax.servlet.http.HttpServletRequest)
9303 [main] INFO  o.s.w.s.h.SimpleUrlHandlerMapping - Mapped URL path [/404.html] onto handler of type [class org.springframework.web.servlet.mvc.ParameterizableViewController]
9319 [main] INFO  o.s.w.s.h.SimpleUrlHandlerMapping - Mapped URL path [/webjars/**] onto handler of type [class org.springframework.web.servlet.resource.ResourceHttpRequestHandler]
9319 [main] INFO  o.s.w.s.h.SimpleUrlHandlerMapping - Mapped URL path [/**] onto handler of type [class org.springframework.web.servlet.resource.ResourceHttpRequestHandler]
9342 [main] INFO  o.s.w.s.h.SimpleUrlHandlerMapping - Mapped URL path [/**/favicon.ico] onto handler of type [class org.springframework.web.servlet.resource.ResourceHttpRequestHandler]
9904 [main] INFO  o.s.b.a.e.m.EndpointHandlerMapping - Mapped "{[/heapdump || /heapdump.json],methods=[GET],produces=[application/octet-stream]}" onto public void org.springframework.boot.actuate.endpoint.mvc.HeapdumpMvcEndpoint.invoke(boolean,javax.servlet.http.HttpServletRequest,javax.servlet.http.HttpServletResponse) throws java.io.IOException,javax.servlet.ServletException
9904 [main] INFO  o.s.b.a.e.m.EndpointHandlerMapping - Mapped "{[/restart || /restart.json],methods=[POST]}" onto public java.lang.Object org.springframework.cloud.context.restart.RestartMvcEndpoint.invoke()
9906 [main] INFO  o.s.b.a.e.m.EndpointHandlerMapping - Mapped "{[/loggers/{name:.*}],methods=[GET],produces=[application/vnd.spring-boot.actuator.v1+json || application/json]}" onto public java.lang.Object org.springframework.boot.actuate.endpoint.mvc.LoggersMvcEndpoint.get(java.lang.String)
9906 [main] INFO  o.s.b.a.e.m.EndpointHandlerMapping - Mapped "{[/loggers/{name:.*}],methods=[POST],consumes=[application/vnd.spring-boot.actuator.v1+json || application/json],produces=[application/vnd.spring-boot.actuator.v1+json || application/json]}" onto public java.lang.Object org.springframework.boot.actuate.endpoint.mvc.LoggersMvcEndpoint.set(java.lang.String,java.util.Map<java.lang.String, java.lang.String>)
9906 [main] INFO  o.s.b.a.e.m.EndpointHandlerMapping - Mapped "{[/loggers || /loggers.json],methods=[GET],produces=[application/vnd.spring-boot.actuator.v1+json || application/json]}" onto public java.lang.Object org.springframework.boot.actuate.endpoint.mvc.EndpointMvcAdapter.invoke()
9907 [main] INFO  o.s.b.a.e.m.EndpointHandlerMapping - Mapped "{[/logfile || /logfile.json],methods=[GET || HEAD]}" onto public void org.springframework.boot.actuate.endpoint.mvc.LogFileMvcEndpoint.invoke(javax.servlet.http.HttpServletRequest,javax.servlet.http.HttpServletResponse) throws javax.servlet.ServletException,java.io.IOException
9907 [main] INFO  o.s.b.a.e.m.EndpointHandlerMapping - Mapped "{[/pause || /pause.json],methods=[POST]}" onto public java.lang.Object org.springframework.cloud.endpoint.GenericPostableMvcEndpoint.invoke()
9908 [main] INFO  o.s.b.a.e.m.EndpointHandlerMapping - Mapped "{[/beans || /beans.json],methods=[GET],produces=[application/vnd.spring-boot.actuator.v1+json || application/json]}" onto public java.lang.Object org.springframework.boot.actuate.endpoint.mvc.EndpointMvcAdapter.invoke()
9909 [main] INFO  o.s.b.a.e.m.EndpointHandlerMapping - Mapped "{[/env/{name:.*}],methods=[GET],produces=[application/vnd.spring-boot.actuator.v1+json || application/json]}" onto public java.lang.Object org.springframework.boot.actuate.endpoint.mvc.EnvironmentMvcEndpoint.value(java.lang.String)
9909 [main] INFO  o.s.b.a.e.m.EndpointHandlerMapping - Mapped "{[/env || /env.json],methods=[GET],produces=[application/vnd.spring-boot.actuator.v1+json || application/json]}" onto public java.lang.Object org.springframework.boot.actuate.endpoint.mvc.EndpointMvcAdapter.invoke()
9910 [main] INFO  o.s.b.a.e.m.EndpointHandlerMapping - Mapped "{[/mappings || /mappings.json],methods=[GET],produces=[application/vnd.spring-boot.actuator.v1+json || application/json]}" onto public java.lang.Object org.springframework.boot.actuate.endpoint.mvc.EndpointMvcAdapter.invoke()
9911 [main] INFO  o.s.b.a.e.m.EndpointHandlerMapping - Mapped "{[/auditevents || /auditevents.json],methods=[GET],produces=[application/vnd.spring-boot.actuator.v1+json || application/json]}" onto public org.springframework.http.ResponseEntity<?> org.springframework.boot.actuate.endpoint.mvc.AuditEventsMvcEndpoint.findByPrincipalAndAfterAndType(java.lang.String,java.util.Date,java.lang.String)
9912 [main] INFO  o.s.b.a.e.m.EndpointHandlerMapping - Mapped "{[/features || /features.json],methods=[GET],produces=[application/vnd.spring-boot.actuator.v1+json || application/json]}" onto public java.lang.Object org.springframework.boot.actuate.endpoint.mvc.EndpointMvcAdapter.invoke()
9912 [main] INFO  o.s.b.a.e.m.EndpointHandlerMapping - Mapped "{[/metrics/{name:.*}],methods=[GET],produces=[application/vnd.spring-boot.actuator.v1+json || application/json]}" onto public java.lang.Object org.springframework.boot.actuate.endpoint.mvc.MetricsMvcEndpoint.value(java.lang.String)
9913 [main] INFO  o.s.b.a.e.m.EndpointHandlerMapping - Mapped "{[/metrics || /metrics.json],methods=[GET],produces=[application/vnd.spring-boot.actuator.v1+json || application/json]}" onto public java.lang.Object org.springframework.boot.actuate.endpoint.mvc.EndpointMvcAdapter.invoke()
9913 [main] INFO  o.s.b.a.e.m.EndpointHandlerMapping - Mapped "{[/resume || /resume.json],methods=[POST]}" onto public java.lang.Object org.springframework.cloud.endpoint.GenericPostableMvcEndpoint.invoke()
9913 [main] INFO  o.s.b.a.e.m.EndpointHandlerMapping - Mapped "{[/info || /info.json],methods=[GET],produces=[application/vnd.spring-boot.actuator.v1+json || application/json]}" onto public java.lang.Object org.springframework.boot.actuate.endpoint.mvc.EndpointMvcAdapter.invoke()
9914 [main] INFO  o.s.b.a.e.m.EndpointHandlerMapping - Mapped "{[/health || /health.json],methods=[GET],produces=[application/vnd.spring-boot.actuator.v1+json || application/json]}" onto public java.lang.Object org.springframework.boot.actuate.endpoint.mvc.HealthMvcEndpoint.invoke(javax.servlet.http.HttpServletRequest,java.security.Principal)
9914 [main] INFO  o.s.b.a.e.m.EndpointHandlerMapping - Mapped "{[/archaius || /archaius.json],methods=[GET],produces=[application/vnd.spring-boot.actuator.v1+json || application/json]}" onto public java.lang.Object org.springframework.boot.actuate.endpoint.mvc.EndpointMvcAdapter.invoke()
9915 [main] INFO  o.s.b.a.e.m.EndpointHandlerMapping - Mapped "{[/trace || /trace.json],methods=[GET],produces=[application/vnd.spring-boot.actuator.v1+json || application/json]}" onto public java.lang.Object org.springframework.boot.actuate.endpoint.mvc.EndpointMvcAdapter.invoke()
9915 [main] INFO  o.s.b.a.e.m.EndpointHandlerMapping - Mapped "{[/refresh || /refresh.json],methods=[POST]}" onto public java.lang.Object org.springframework.cloud.endpoint.GenericPostableMvcEndpoint.invoke()
9915 [main] INFO  o.s.b.a.e.m.EndpointHandlerMapping - Mapped "{[/env],methods=[POST]}" onto public java.lang.Object org.springframework.cloud.context.environment.EnvironmentManagerMvcEndpoint.value(java.util.Map<java.lang.String, java.lang.String>)
9915 [main] INFO  o.s.b.a.e.m.EndpointHandlerMapping - Mapped "{[/env/reset],methods=[POST]}" onto public java.util.Map<java.lang.String, java.lang.Object> org.springframework.cloud.context.environment.EnvironmentManagerMvcEndpoint.reset()
9916 [main] INFO  o.s.b.a.e.m.EndpointHandlerMapping - Mapped "{[/dump || /dump.json],methods=[GET],produces=[application/vnd.spring-boot.actuator.v1+json || application/json]}" onto public java.lang.Object org.springframework.boot.actuate.endpoint.mvc.EndpointMvcAdapter.invoke()
9916 [main] INFO  o.s.b.a.e.m.EndpointHandlerMapping - Mapped "{[/configprops || /configprops.json],methods=[GET],produces=[application/vnd.spring-boot.actuator.v1+json || application/json]}" onto public java.lang.Object org.springframework.boot.actuate.endpoint.mvc.EndpointMvcAdapter.invoke()
9916 [main] INFO  o.s.b.a.e.m.EndpointHandlerMapping - Mapped "{[/autoconfig || /autoconfig.json],methods=[GET],produces=[application/vnd.spring-boot.actuator.v1+json || application/json]}" onto public java.lang.Object org.springframework.boot.actuate.endpoint.mvc.EndpointMvcAdapter.invoke()
9918 [main] INFO  o.s.s.w.DefaultSecurityFilterChain - Creating filter chain: org.springframework.boot.actuate.autoconfigure.ManagementWebSecurityAutoConfiguration$LazyEndpointPathRequestMatcher@69c51fdb, [org.springframework.security.web.context.request.async.WebAsyncManagerIntegrationFilter@4aadf144, org.springframework.security.web.context.SecurityContextPersistenceFilter@2a9565d7, org.springframework.security.web.header.HeaderWriterFilter@147ad4bb, org.springframework.web.filter.CorsFilter@68a97fc1, org.springframework.security.web.authentication.logout.LogoutFilter@3694461d, org.springframework.security.web.authentication.www.BasicAuthenticationFilter@30d5fc1b, org.springframework.security.web.savedrequest.RequestCacheAwareFilter@2e38d44e, org.springframework.security.web.servletapi.SecurityContextHolderAwareRequestFilter@6c25123e, org.springframework.security.web.authentication.AnonymousAuthenticationFilter@227fc322, org.springframework.security.web.session.SessionManagementFilter@bd703bb, org.springframework.security.web.access.ExceptionTranslationFilter@1d432d56, org.springframework.security.web.access.intercept.FilterSecurityInterceptor@19d13d04]
10037 [main] WARN  c.n.c.s.URLConfigurationSource - No URLs will be polled as dynamic configuration sources.
10044 [main] WARN  c.n.c.s.URLConfigurationSource - No URLs will be polled as dynamic configuration sources.
10241 [main] INFO  o.s.w.s.m.m.a.RequestMappingHandlerAdapter - Looking for @ControllerAdvice: org.springframework.boot.context.embedded.AnnotationConfigEmbeddedWebApplicationContext@464649c: startup date [Fri Nov 10 22:23:09 CET 2017]; parent: org.springframework.context.annotation.AnnotationConfigApplicationContext@7c83dc97
10679 [main] INFO  o.s.w.s.v.f.FreeMarkerConfigurer - ClassTemplateLoader for Spring macros added to FreeMarker configuration
10878 [main] INFO  o.s.j.e.a.AnnotationMBeanExporter - Registering beans for JMX exposure on startup
10886 [main] INFO  o.s.j.e.a.AnnotationMBeanExporter - Bean with name 'environmentManager' has been autodetected for JMX exposure
10888 [main] INFO  o.s.j.e.a.AnnotationMBeanExporter - Bean with name 'configurationPropertiesRebinder' has been autodetected for JMX exposure
10888 [main] INFO  o.s.j.e.a.AnnotationMBeanExporter - Bean with name 'refreshEndpoint' has been autodetected for JMX exposure
10889 [main] INFO  o.s.j.e.a.AnnotationMBeanExporter - Bean with name 'restartEndpoint' has been autodetected for JMX exposure
10890 [main] INFO  o.s.j.e.a.AnnotationMBeanExporter - Bean with name 'refreshScope' has been autodetected for JMX exposure
10892 [main] INFO  o.s.j.e.a.AnnotationMBeanExporter - Located managed bean 'environmentManager': registering with JMX server as MBean [org.springframework.cloud.context.environment:name=environmentManager,type=EnvironmentManager]
10908 [main] INFO  o.s.j.e.a.AnnotationMBeanExporter - Located managed bean 'restartEndpoint': registering with JMX server as MBean [org.springframework.cloud.context.restart:name=restartEndpoint,type=RestartEndpoint]
10917 [main] INFO  o.s.j.e.a.AnnotationMBeanExporter - Located managed bean 'refreshScope': registering with JMX server as MBean [org.springframework.cloud.context.scope.refresh:name=refreshScope,type=RefreshScope]
10927 [main] INFO  o.s.j.e.a.AnnotationMBeanExporter - Located managed bean 'configurationPropertiesRebinder': registering with JMX server as MBean [org.springframework.cloud.context.properties:name=configurationPropertiesRebinder,context=464649c,type=ConfigurationPropertiesRebinder]
10933 [main] INFO  o.s.j.e.a.AnnotationMBeanExporter - Located managed bean 'refreshEndpoint': registering with JMX server as MBean [org.springframework.cloud.endpoint:name=refreshEndpoint,type=RefreshEndpoint]
10934 [main] INFO  o.s.b.a.e.jmx.EndpointMBeanExporter - Registering beans for JMX exposure on startup
11141 [main] INFO  o.s.c.s.DefaultLifecycleProcessor - Starting beans in phase 0
11144 [main] INFO  o.s.b.a.e.jmx.EndpointMBeanExporter - Located managed bean 'auditEventsEndpoint': registering with JMX server as MBean [org.springframework.boot:type=Endpoint,name=auditEventsEndpoint]
11153 [main] INFO  o.s.b.a.e.jmx.EndpointMBeanExporter - Located managed bean 'archaiusEndpoint': registering with JMX server as MBean [org.springframework.boot:type=Endpoint,name=archaiusEndpoint]
11170 [main] INFO  o.s.b.a.e.jmx.EndpointMBeanExporter - Located managed bean 'featuresEndpoint': registering with JMX server as MBean [org.springframework.boot:type=Endpoint,name=featuresEndpoint]
11177 [main] INFO  o.s.b.a.e.jmx.EndpointMBeanExporter - Located managed bean 'requestMappingEndpoint': registering with JMX server as MBean [org.springframework.boot:type=Endpoint,name=requestMappingEndpoint]
11181 [main] INFO  o.s.b.a.e.jmx.EndpointMBeanExporter - Located managed bean 'environmentEndpoint': registering with JMX server as MBean [org.springframework.boot:type=Endpoint,name=environmentEndpoint]
11186 [main] INFO  o.s.b.a.e.jmx.EndpointMBeanExporter - Located managed bean 'healthEndpoint': registering with JMX server as MBean [org.springframework.boot:type=Endpoint,name=healthEndpoint]
11189 [main] INFO  o.s.b.a.e.jmx.EndpointMBeanExporter - Located managed bean 'beansEndpoint': registering with JMX server as MBean [org.springframework.boot:type=Endpoint,name=beansEndpoint]
11192 [main] INFO  o.s.b.a.e.jmx.EndpointMBeanExporter - Located managed bean 'infoEndpoint': registering with JMX server as MBean [org.springframework.boot:type=Endpoint,name=infoEndpoint]
11197 [main] INFO  o.s.b.a.e.jmx.EndpointMBeanExporter - Located managed bean 'loggersEndpoint': registering with JMX server as MBean [org.springframework.boot:type=Endpoint,name=loggersEndpoint]
11205 [main] INFO  o.s.b.a.e.jmx.EndpointMBeanExporter - Located managed bean 'metricsEndpoint': registering with JMX server as MBean [org.springframework.boot:type=Endpoint,name=metricsEndpoint]
11208 [main] INFO  o.s.b.a.e.jmx.EndpointMBeanExporter - Located managed bean 'traceEndpoint': registering with JMX server as MBean [org.springframework.boot:type=Endpoint,name=traceEndpoint]
11212 [main] INFO  o.s.b.a.e.jmx.EndpointMBeanExporter - Located managed bean 'dumpEndpoint': registering with JMX server as MBean [org.springframework.boot:type=Endpoint,name=dumpEndpoint]
11214 [main] INFO  o.s.b.a.e.jmx.EndpointMBeanExporter - Located managed bean 'autoConfigurationReportEndpoint': registering with JMX server as MBean [org.springframework.boot:type=Endpoint,name=autoConfigurationReportEndpoint]
11217 [main] INFO  o.s.b.a.e.jmx.EndpointMBeanExporter - Located managed bean 'configurationPropertiesReportEndpoint': registering with JMX server as MBean [org.springframework.boot:type=Endpoint,name=configurationPropertiesReportEndpoint]
11540 [main] INFO  o.s.b.c.e.t.TomcatEmbeddedServletContainer - Tomcat started on port(s): 8443 (https)
11545 [main] INFO  c.d.DevopsbuddyApplication - Started DevopsbuddyApplication in 11.102 seconds (JVM running for 11.795)
58710 [https-jsse-nio-8443-exec-6] INFO  o.s.web.servlet.DispatcherServlet - FrameworkServlet 'dispatcherServlet': initialization started
58736 [https-jsse-nio-8443-exec-6] INFO  o.s.web.servlet.DispatcherServlet - FrameworkServlet 'dispatcherServlet': initialization completed in 26 ms
84404 [https-jsse-nio-8443-exec-11] WARN  c.d.b.service.UserSecurityService - email found
84782 [https-jsse-nio-8443-exec-8] INFO  com.project.security.Audit - user: pierre@kindaptitude.com, page: home page, sessionId: AFBAC9F24F30FA7D4A0C0DE462693AF6, ipddress: 0:0:0:0:0:0:0:1, device:normal
169949 [https-jsse-nio-8443-exec-6] INFO  com.project.security.Audit - user: pierre@kindaptitude.com, page: home page, sessionId: AFBAC9F24F30FA7D4A0C0DE462693AF6, ipddress: 0:0:0:0:0:0:0:1, device:normal
184315 [Thread-9] INFO  o.s.b.c.e.AnnotationConfigEmbeddedWebApplicationContext - Closing org.springframework.boot.context.embedded.AnnotationConfigEmbeddedWebApplicationContext@464649c: startup date [Fri Nov 10 22:23:09 CET 2017]; parent: org.springframework.context.annotation.AnnotationConfigApplicationContext@7c83dc97
184319 [Thread-9] INFO  o.s.c.s.DefaultLifecycleProcessor - Stopping beans in phase 0
184324 [Thread-9] INFO  o.s.b.a.e.jmx.EndpointMBeanExporter - Unregistering JMX-exposed beans on shutdown
184326 [Thread-9] INFO  o.s.b.a.e.jmx.EndpointMBeanExporter - Unregistering JMX-exposed beans
184328 [Thread-9] INFO  o.s.j.e.a.AnnotationMBeanExporter - Unregistering JMX-exposed beans on shutdown
184328 [Thread-9] INFO  o.s.j.e.a.AnnotationMBeanExporter - Unregistering JMX-exposed beans
184358 [Thread-9] INFO  o.s.o.j.LocalContainerEntityManagerFactoryBean - Closing JPA EntityManagerFactory for persistence unit 'default'
